2019-03-07 21:02:05: Thu, 07 Mar 2019 13:02:05 GMT sequelize deprecated String based operators are now deprecated. Please use Symbol based operators for better security, read more at http://docs.sequelizejs.com/manual/tutorial/querying.html#operators at node_modules/sequelize/lib/sequelize.js:242:13
Error: bind EADDRINUSE null:8000
    at Object._errnoException (util.js:1022:11)
    at _exceptionWithHostPort (util.js:1044:20)
    at listenOnMasterHandle (net.js:1427:16)
    at rr (internal/cluster/child.js:121:12)
    at Worker.send (internal/cluster/child.js:88:7)
    at process.onInternalMessage (internal/cluster/utils.js:42:8)
    at emitTwo (events.js:131:20)
    at process.emit (events.js:214:7)
    at emit (internal/child_process.js:772:12)
    at _combinedTickCallback (internal/process/next_tick.js:141:11)
    at process._tickCallback (internal/process/next_tick.js:180:9)
2019-03-07 21:02:05: Thu, 07 Mar 2019 13:02:05 GMT sequelize deprecated String based operators are now deprecated. Please use Symbol based operators for better security, read more at http://docs.sequelizejs.com/manual/tutorial/querying.html#operators at node_modules/sequelize/lib/sequelize.js:242:13
2019-03-07 21:02:05: Thu, 07 Mar 2019 13:02:05 GMT sequelize deprecated String based operators are now deprecated. Please use Symbol based operators for better security, read more at http://docs.sequelizejs.com/manual/tutorial/querying.html#operators at node_modules/sequelize/lib/sequelize.js:242:13
Error: bind EADDRINUSE null:8000
    at Object._errnoException (util.js:1022:11)
    at _exceptionWithHostPort (util.js:1044:20)
    at listenOnMasterHandle (net.js:1427:16)
    at rr (internal/cluster/child.js:121:12)
    at Worker.send (internal/cluster/child.js:88:7)
    at process.onInternalMessage (internal/cluster/utils.js:42:8)
    at emitTwo (events.js:131:20)
    at process.emit (events.js:214:7)
    at emit (internal/child_process.js:772:12)
    at _combinedTickCallback (internal/process/next_tick.js:141:11)
    at process._tickCallback (internal/process/next_tick.js:180:9)
2019-03-07 21:02:05: Thu, 07 Mar 2019 13:02:05 GMT sequelize deprecated String based operators are now deprecated. Please use Symbol based operators for better security, read more at http://docs.sequelizejs.com/manual/tutorial/querying.html#operators at node_modules/sequelize/lib/sequelize.js:242:13
Error: bind EADDRINUSE null:8000
    at Object._errnoException (util.js:1022:11)
    at _exceptionWithHostPort (util.js:1044:20)
    at listenOnMasterHandle (net.js:1427:16)
    at rr (internal/cluster/child.js:121:12)
    at Worker.send (internal/cluster/child.js:88:7)
    at process.onInternalMessage (internal/cluster/utils.js:42:8)
    at emitTwo (events.js:131:20)
    at process.emit (events.js:214:7)
    at emit (internal/child_process.js:772:12)
    at _combinedTickCallback (internal/process/next_tick.js:141:11)
    at process._tickCallback (internal/process/next_tick.js:180:9)
Error: bind EADDRINUSE null:8000
    at Object._errnoException (util.js:1022:11)
    at _exceptionWithHostPort (util.js:1044:20)
    at listenOnMasterHandle (net.js:1427:16)
    at rr (internal/cluster/child.js:121:12)
    at Worker.send (internal/cluster/child.js:88:7)
    at process.onInternalMessage (internal/cluster/utils.js:42:8)
    at emitTwo (events.js:131:20)
    at process.emit (events.js:214:7)
    at emit (internal/child_process.js:772:12)
    at _combinedTickCallback (internal/process/next_tick.js:141:11)
    at process._tickCallback (internal/process/next_tick.js:180:9)
2019-03-07 21:02:07: Thu, 07 Mar 2019 13:02:07 GMT sequelize deprecated String based operators are now deprecated. Please use Symbol based operators for better security, read more at http://docs.sequelizejs.com/manual/tutorial/querying.html#operators at node_modules/sequelize/lib/sequelize.js:242:13
2019-03-07 21:02:07: Thu, 07 Mar 2019 13:02:07 GMT sequelize deprecated String based operators are now deprecated. Please use Symbol based operators for better security, read more at http://docs.sequelizejs.com/manual/tutorial/querying.html#operators at node_modules/sequelize/lib/sequelize.js:242:13
Error: bind EADDRINUSE null:8000
    at Object._errnoException (util.js:1022:11)
    at _exceptionWithHostPort (util.js:1044:20)
    at listenOnMasterHandle (net.js:1427:16)
    at rr (internal/cluster/child.js:121:12)
    at Worker.send (internal/cluster/child.js:88:7)
    at process.onInternalMessage (internal/cluster/utils.js:42:8)
    at emitTwo (events.js:131:20)
    at process.emit (events.js:214:7)
    at emit (internal/child_process.js:772:12)
    at _combinedTickCallback (internal/process/next_tick.js:141:11)
    at process._tickCallback (internal/process/next_tick.js:180:9)
2019-03-07 21:02:07: Thu, 07 Mar 2019 13:02:07 GMT sequelize deprecated String based operators are now deprecated. Please use Symbol based operators for better security, read more at http://docs.sequelizejs.com/manual/tutorial/querying.html#operators at node_modules/sequelize/lib/sequelize.js:242:13
Error: bind EADDRINUSE null:8000
    at Object._errnoException (util.js:1022:11)
    at _exceptionWithHostPort (util.js:1044:20)
    at listenOnMasterHandle (net.js:1427:16)
    at rr (internal/cluster/child.js:121:12)
    at Worker.send (internal/cluster/child.js:88:7)
    at process.onInternalMessage (internal/cluster/utils.js:42:8)
    at emitTwo (events.js:131:20)
    at process.emit (events.js:214:7)
    at emit (internal/child_process.js:772:12)
    at _combinedTickCallback (internal/process/next_tick.js:141:11)
    at process._tickCallback (internal/process/next_tick.js:180:9)
2019-03-07 21:02:07: Thu, 07 Mar 2019 13:02:07 GMT sequelize deprecated String based operators are now deprecated. Please use Symbol based operators for better security, read more at http://docs.sequelizejs.com/manual/tutorial/querying.html#operators at node_modules/sequelize/lib/sequelize.js:242:13
Error: bind EADDRINUSE null:8000
    at Object._errnoException (util.js:1022:11)
    at _exceptionWithHostPort (util.js:1044:20)
    at listenOnMasterHandle (net.js:1427:16)
    at rr (internal/cluster/child.js:121:12)
    at Worker.send (internal/cluster/child.js:88:7)
    at process.onInternalMessage (internal/cluster/utils.js:42:8)
    at emitTwo (events.js:131:20)
    at process.emit (events.js:214:7)
    at emit (internal/child_process.js:772:12)
    at _combinedTickCallback (internal/process/next_tick.js:141:11)
    at process._tickCallback (internal/process/next_tick.js:180:9)
Error: bind EADDRINUSE null:8000
    at Object._errnoException (util.js:1022:11)
    at _exceptionWithHostPort (util.js:1044:20)
    at listenOnMasterHandle (net.js:1427:16)
    at rr (internal/cluster/child.js:121:12)
    at Worker.send (internal/cluster/child.js:88:7)
    at process.onInternalMessage (internal/cluster/utils.js:42:8)
    at emitTwo (events.js:131:20)
    at process.emit (events.js:214:7)
    at emit (internal/child_process.js:772:12)
    at _combinedTickCallback (internal/process/next_tick.js:141:11)
    at process._tickCallback (internal/process/next_tick.js:180:9)
2019-03-07 21:02:08: Thu, 07 Mar 2019 13:02:08 GMT sequelize deprecated String based operators are now deprecated. Please use Symbol based operators for better security, read more at http://docs.sequelizejs.com/manual/tutorial/querying.html#operators at node_modules/sequelize/lib/sequelize.js:242:13
2019-03-07 21:02:08: Thu, 07 Mar 2019 13:02:08 GMT sequelize deprecated String based operators are now deprecated. Please use Symbol based operators for better security, read more at http://docs.sequelizejs.com/manual/tutorial/querying.html#operators at node_modules/sequelize/lib/sequelize.js:242:13
2019-03-07 21:02:08: Thu, 07 Mar 2019 13:02:08 GMT sequelize deprecated String based operators are now deprecated. Please use Symbol based operators for better security, read more at http://docs.sequelizejs.com/manual/tutorial/querying.html#operators at node_modules/sequelize/lib/sequelize.js:242:13
Error: bind EADDRINUSE null:8000
    at Object._errnoException (util.js:1022:11)
    at _exceptionWithHostPort (util.js:1044:20)
    at listenOnMasterHandle (net.js:1427:16)
    at rr (internal/cluster/child.js:121:12)
    at Worker.send (internal/cluster/child.js:88:7)
    at process.onInternalMessage (internal/cluster/utils.js:42:8)
    at emitTwo (events.js:131:20)
    at process.emit (events.js:214:7)
    at emit (internal/child_process.js:772:12)
    at _combinedTickCallback (internal/process/next_tick.js:141:11)
    at process._tickCallback (internal/process/next_tick.js:180:9)
Error: bind EADDRINUSE null:8000
    at Object._errnoException (util.js:1022:11)
    at _exceptionWithHostPort (util.js:1044:20)
    at listenOnMasterHandle (net.js:1427:16)
    at rr (internal/cluster/child.js:121:12)
    at Worker.send (internal/cluster/child.js:88:7)
    at process.onInternalMessage (internal/cluster/utils.js:42:8)
    at emitTwo (events.js:131:20)
    at process.emit (events.js:214:7)
    at emit (internal/child_process.js:772:12)
    at _combinedTickCallback (internal/process/next_tick.js:141:11)
    at process._tickCallback (internal/process/next_tick.js:180:9)
2019-03-07 21:02:08: Thu, 07 Mar 2019 13:02:08 GMT sequelize deprecated String based operators are now deprecated. Please use Symbol based operators for better security, read more at http://docs.sequelizejs.com/manual/tutorial/querying.html#operators at node_modules/sequelize/lib/sequelize.js:242:13
Error: bind EADDRINUSE null:8000
    at Object._errnoException (util.js:1022:11)
    at _exceptionWithHostPort (util.js:1044:20)
    at listenOnMasterHandle (net.js:1427:16)
    at rr (internal/cluster/child.js:121:12)
    at Worker.send (internal/cluster/child.js:88:7)
    at process.onInternalMessage (internal/cluster/utils.js:42:8)
    at emitTwo (events.js:131:20)
    at process.emit (events.js:214:7)
    at emit (internal/child_process.js:772:12)
    at _combinedTickCallback (internal/process/next_tick.js:141:11)
    at process._tickCallback (internal/process/next_tick.js:180:9)
Error: bind EADDRINUSE null:8000
    at Object._errnoException (util.js:1022:11)
    at _exceptionWithHostPort (util.js:1044:20)
    at listenOnMasterHandle (net.js:1427:16)
    at rr (internal/cluster/child.js:121:12)
    at Worker.send (internal/cluster/child.js:88:7)
    at process.onInternalMessage (internal/cluster/utils.js:42:8)
    at emitTwo (events.js:131:20)
    at process.emit (events.js:214:7)
    at emit (internal/child_process.js:772:12)
    at _combinedTickCallback (internal/process/next_tick.js:141:11)
    at process._tickCallback (internal/process/next_tick.js:180:9)
2019-03-07 21:02:10: Thu, 07 Mar 2019 13:02:10 GMT sequelize deprecated String based operators are now deprecated. Please use Symbol based operators for better security, read more at http://docs.sequelizejs.com/manual/tutorial/querying.html#operators at node_modules/sequelize/lib/sequelize.js:242:13
2019-03-07 21:02:10: Thu, 07 Mar 2019 13:02:10 GMT sequelize deprecated String based operators are now deprecated. Please use Symbol based operators for better security, read more at http://docs.sequelizejs.com/manual/tutorial/querying.html#operators at node_modules/sequelize/lib/sequelize.js:242:13
2019-03-07 21:02:10: Thu, 07 Mar 2019 13:02:10 GMT sequelize deprecated String based operators are now deprecated. Please use Symbol based operators for better security, read more at http://docs.sequelizejs.com/manual/tutorial/querying.html#operators at node_modules/sequelize/lib/sequelize.js:242:13
Error: bind EADDRINUSE null:8000
    at Object._errnoException (util.js:1022:11)
    at _exceptionWithHostPort (util.js:1044:20)
    at listenOnMasterHandle (net.js:1427:16)
    at rr (internal/cluster/child.js:121:12)
    at Worker.send (internal/cluster/child.js:88:7)
    at process.onInternalMessage (internal/cluster/utils.js:42:8)
    at emitTwo (events.js:131:20)
    at process.emit (events.js:214:7)
    at emit (internal/child_process.js:772:12)
    at _combinedTickCallback (internal/process/next_tick.js:141:11)
    at process._tickCallback (internal/process/next_tick.js:180:9)
Error: bind EADDRINUSE null:8000
    at Object._errnoException (util.js:1022:11)
    at _exceptionWithHostPort (util.js:1044:20)
    at listenOnMasterHandle (net.js:1427:16)
    at rr (internal/cluster/child.js:121:12)
    at Worker.send (internal/cluster/child.js:88:7)
    at process.onInternalMessage (internal/cluster/utils.js:42:8)
    at emitTwo (events.js:131:20)
    at process.emit (events.js:214:7)
    at emit (internal/child_process.js:772:12)
    at _combinedTickCallback (internal/process/next_tick.js:141:11)
    at process._tickCallback (internal/process/next_tick.js:180:9)
Error: bind EADDRINUSE null:8000
    at Object._errnoException (util.js:1022:11)
    at _exceptionWithHostPort (util.js:1044:20)
    at listenOnMasterHandle (net.js:1427:16)
    at rr (internal/cluster/child.js:121:12)
    at Worker.send (internal/cluster/child.js:88:7)
    at process.onInternalMessage (internal/cluster/utils.js:42:8)
    at emitTwo (events.js:131:20)
    at process.emit (events.js:214:7)
    at emit (internal/child_process.js:772:12)
    at _combinedTickCallback (internal/process/next_tick.js:141:11)
    at process._tickCallback (internal/process/next_tick.js:180:9)
2019-03-07 21:02:10: Thu, 07 Mar 2019 13:02:10 GMT sequelize deprecated String based operators are now deprecated. Please use Symbol based operators for better security, read more at http://docs.sequelizejs.com/manual/tutorial/querying.html#operators at node_modules/sequelize/lib/sequelize.js:242:13
Error: bind EADDRINUSE null:8000
    at Object._errnoException (util.js:1022:11)
    at _exceptionWithHostPort (util.js:1044:20)
    at listenOnMasterHandle (net.js:1427:16)
    at rr (internal/cluster/child.js:121:12)
    at Worker.send (internal/cluster/child.js:88:7)
    at process.onInternalMessage (internal/cluster/utils.js:42:8)
    at emitTwo (events.js:131:20)
    at process.emit (events.js:214:7)
    at emit (internal/child_process.js:772:12)
    at _combinedTickCallback (internal/process/next_tick.js:141:11)
    at process._tickCallback (internal/process/next_tick.js:180:9)
2019-03-07 21:02:11: Thu, 07 Mar 2019 13:02:11 GMT sequelize deprecated String based operators are now deprecated. Please use Symbol based operators for better security, read more at http://docs.sequelizejs.com/manual/tutorial/querying.html#operators at node_modules/sequelize/lib/sequelize.js:242:13
2019-03-07 21:02:11: Thu, 07 Mar 2019 13:02:11 GMT sequelize deprecated String based operators are now deprecated. Please use Symbol based operators for better security, read more at http://docs.sequelizejs.com/manual/tutorial/querying.html#operators at node_modules/sequelize/lib/sequelize.js:242:13
2019-03-07 21:02:11: Thu, 07 Mar 2019 13:02:11 GMT sequelize deprecated String based operators are now deprecated. Please use Symbol based operators for better security, read more at http://docs.sequelizejs.com/manual/tutorial/querying.html#operators at node_modules/sequelize/lib/sequelize.js:242:13
Error: bind EADDRINUSE null:8000
    at Object._errnoException (util.js:1022:11)
    at _exceptionWithHostPort (util.js:1044:20)
    at listenOnMasterHandle (net.js:1427:16)
    at rr (internal/cluster/child.js:121:12)
    at Worker.send (internal/cluster/child.js:88:7)
    at process.onInternalMessage (internal/cluster/utils.js:42:8)
    at emitTwo (events.js:131:20)
    at process.emit (events.js:214:7)
    at emit (internal/child_process.js:772:12)
    at _combinedTickCallback (internal/process/next_tick.js:141:11)
    at process._tickCallback (internal/process/next_tick.js:180:9)
Error: bind EADDRINUSE null:8000
    at Object._errnoException (util.js:1022:11)
    at _exceptionWithHostPort (util.js:1044:20)
    at listenOnMasterHandle (net.js:1427:16)
    at rr (internal/cluster/child.js:121:12)
    at Worker.send (internal/cluster/child.js:88:7)
    at process.onInternalMessage (internal/cluster/utils.js:42:8)
    at emitTwo (events.js:131:20)
    at process.emit (events.js:214:7)
    at emit (internal/child_process.js:772:12)
    at _combinedTickCallback (internal/process/next_tick.js:141:11)
    at process._tickCallback (internal/process/next_tick.js:180:9)
Error: bind EADDRINUSE null:8000
    at Object._errnoException (util.js:1022:11)
    at _exceptionWithHostPort (util.js:1044:20)
    at listenOnMasterHandle (net.js:1427:16)
    at rr (internal/cluster/child.js:121:12)
    at Worker.send (internal/cluster/child.js:88:7)
    at process.onInternalMessage (internal/cluster/utils.js:42:8)
    at emitTwo (events.js:131:20)
    at process.emit (events.js:214:7)
    at emit (internal/child_process.js:772:12)
    at _combinedTickCallback (internal/process/next_tick.js:141:11)
    at process._tickCallback (internal/process/next_tick.js:180:9)
2019-03-07 21:02:11: Thu, 07 Mar 2019 13:02:11 GMT sequelize deprecated String based operators are now deprecated. Please use Symbol based operators for better security, read more at http://docs.sequelizejs.com/manual/tutorial/querying.html#operators at node_modules/sequelize/lib/sequelize.js:242:13
Error: bind EADDRINUSE null:8000
    at Object._errnoException (util.js:1022:11)
    at _exceptionWithHostPort (util.js:1044:20)
    at listenOnMasterHandle (net.js:1427:16)
    at rr (internal/cluster/child.js:121:12)
    at Worker.send (internal/cluster/child.js:88:7)
    at process.onInternalMessage (internal/cluster/utils.js:42:8)
    at emitTwo (events.js:131:20)
    at process.emit (events.js:214:7)
    at emit (internal/child_process.js:772:12)
    at _combinedTickCallback (internal/process/next_tick.js:141:11)
    at process._tickCallback (internal/process/next_tick.js:180:9)
2019-03-07 21:02:12: Thu, 07 Mar 2019 13:02:12 GMT sequelize deprecated String based operators are now deprecated. Please use Symbol based operators for better security, read more at http://docs.sequelizejs.com/manual/tutorial/querying.html#operators at node_modules/sequelize/lib/sequelize.js:242:13
2019-03-07 21:02:12: Thu, 07 Mar 2019 13:02:12 GMT sequelize deprecated String based operators are now deprecated. Please use Symbol based operators for better security, read more at http://docs.sequelizejs.com/manual/tutorial/querying.html#operators at node_modules/sequelize/lib/sequelize.js:242:13
2019-03-07 21:02:12: Thu, 07 Mar 2019 13:02:12 GMT sequelize deprecated String based operators are now deprecated. Please use Symbol based operators for better security, read more at http://docs.sequelizejs.com/manual/tutorial/querying.html#operators at node_modules/sequelize/lib/sequelize.js:242:13
Error: bind EADDRINUSE null:8000
    at Object._errnoException (util.js:1022:11)
    at _exceptionWithHostPort (util.js:1044:20)
    at listenOnMasterHandle (net.js:1427:16)
    at rr (internal/cluster/child.js:121:12)
    at Worker.send (internal/cluster/child.js:88:7)
    at process.onInternalMessage (internal/cluster/utils.js:42:8)
    at emitTwo (events.js:131:20)
    at process.emit (events.js:214:7)
    at emit (internal/child_process.js:772:12)
    at _combinedTickCallback (internal/process/next_tick.js:141:11)
    at process._tickCallback (internal/process/next_tick.js:180:9)
Error: bind EADDRINUSE null:8000
    at Object._errnoException (util.js:1022:11)
    at _exceptionWithHostPort (util.js:1044:20)
    at listenOnMasterHandle (net.js:1427:16)
    at rr (internal/cluster/child.js:121:12)
    at Worker.send (internal/cluster/child.js:88:7)
    at process.onInternalMessage (internal/cluster/utils.js:42:8)
    at emitTwo (events.js:131:20)
    at process.emit (events.js:214:7)
    at emit (internal/child_process.js:772:12)
    at _combinedTickCallback (internal/process/next_tick.js:141:11)
    at process._tickCallback (internal/process/next_tick.js:180:9)
Error: bind EADDRINUSE null:8000
    at Object._errnoException (util.js:1022:11)
    at _exceptionWithHostPort (util.js:1044:20)
    at listenOnMasterHandle (net.js:1427:16)
    at rr (internal/cluster/child.js:121:12)
    at Worker.send (internal/cluster/child.js:88:7)
    at process.onInternalMessage (internal/cluster/utils.js:42:8)
    at emitTwo (events.js:131:20)
    at process.emit (events.js:214:7)
    at emit (internal/child_process.js:772:12)
    at _combinedTickCallback (internal/process/next_tick.js:141:11)
    at process._tickCallback (internal/process/next_tick.js:180:9)
2019-03-07 21:02:13: Thu, 07 Mar 2019 13:02:13 GMT sequelize deprecated String based operators are now deprecated. Please use Symbol based operators for better security, read more at http://docs.sequelizejs.com/manual/tutorial/querying.html#operators at node_modules/sequelize/lib/sequelize.js:242:13
Error: bind EADDRINUSE null:8000
    at Object._errnoException (util.js:1022:11)
    at _exceptionWithHostPort (util.js:1044:20)
    at listenOnMasterHandle (net.js:1427:16)
    at rr (internal/cluster/child.js:121:12)
    at Worker.send (internal/cluster/child.js:88:7)
    at process.onInternalMessage (internal/cluster/utils.js:42:8)
    at emitTwo (events.js:131:20)
    at process.emit (events.js:214:7)
    at emit (internal/child_process.js:772:12)
    at _combinedTickCallback (internal/process/next_tick.js:141:11)
    at process._tickCallback (internal/process/next_tick.js:180:9)
2019-03-07 21:02:14: Thu, 07 Mar 2019 13:02:14 GMT sequelize deprecated String based operators are now deprecated. Please use Symbol based operators for better security, read more at http://docs.sequelizejs.com/manual/tutorial/querying.html#operators at node_modules/sequelize/lib/sequelize.js:242:13
2019-03-07 21:02:14: Thu, 07 Mar 2019 13:02:14 GMT sequelize deprecated String based operators are now deprecated. Please use Symbol based operators for better security, read more at http://docs.sequelizejs.com/manual/tutorial/querying.html#operators at node_modules/sequelize/lib/sequelize.js:242:13
2019-03-07 21:02:14: Thu, 07 Mar 2019 13:02:14 GMT sequelize deprecated String based operators are now deprecated. Please use Symbol based operators for better security, read more at http://docs.sequelizejs.com/manual/tutorial/querying.html#operators at node_modules/sequelize/lib/sequelize.js:242:13
Error: bind EADDRINUSE null:8000
    at Object._errnoException (util.js:1022:11)
    at _exceptionWithHostPort (util.js:1044:20)
    at listenOnMasterHandle (net.js:1427:16)
    at rr (internal/cluster/child.js:121:12)
    at Worker.send (internal/cluster/child.js:88:7)
    at process.onInternalMessage (internal/cluster/utils.js:42:8)
    at emitTwo (events.js:131:20)
    at process.emit (events.js:214:7)
    at emit (internal/child_process.js:772:12)
    at _combinedTickCallback (internal/process/next_tick.js:141:11)
    at process._tickCallback (internal/process/next_tick.js:180:9)
Error: bind EADDRINUSE null:8000
    at Object._errnoException (util.js:1022:11)
    at _exceptionWithHostPort (util.js:1044:20)
    at listenOnMasterHandle (net.js:1427:16)
    at rr (internal/cluster/child.js:121:12)
    at Worker.send (internal/cluster/child.js:88:7)
    at process.onInternalMessage (internal/cluster/utils.js:42:8)
    at emitTwo (events.js:131:20)
    at process.emit (events.js:214:7)
    at emit (internal/child_process.js:772:12)
    at _combinedTickCallback (internal/process/next_tick.js:141:11)
    at process._tickCallback (internal/process/next_tick.js:180:9)
Error: bind EADDRINUSE null:8000
    at Object._errnoException (util.js:1022:11)
    at _exceptionWithHostPort (util.js:1044:20)
    at listenOnMasterHandle (net.js:1427:16)
    at rr (internal/cluster/child.js:121:12)
    at Worker.send (internal/cluster/child.js:88:7)
    at process.onInternalMessage (internal/cluster/utils.js:42:8)
    at emitTwo (events.js:131:20)
    at process.emit (events.js:214:7)
    at emit (internal/child_process.js:772:12)
    at _combinedTickCallback (internal/process/next_tick.js:141:11)
    at process._tickCallback (internal/process/next_tick.js:180:9)
2019-03-07 21:02:14: Thu, 07 Mar 2019 13:02:14 GMT sequelize deprecated String based operators are now deprecated. Please use Symbol based operators for better security, read more at http://docs.sequelizejs.com/manual/tutorial/querying.html#operators at node_modules/sequelize/lib/sequelize.js:242:13
Error: bind EADDRINUSE null:8000
    at Object._errnoException (util.js:1022:11)
    at _exceptionWithHostPort (util.js:1044:20)
    at listenOnMasterHandle (net.js:1427:16)
    at rr (internal/cluster/child.js:121:12)
    at Worker.send (internal/cluster/child.js:88:7)
    at process.onInternalMessage (internal/cluster/utils.js:42:8)
    at emitTwo (events.js:131:20)
    at process.emit (events.js:214:7)
    at emit (internal/child_process.js:772:12)
    at _combinedTickCallback (internal/process/next_tick.js:141:11)
    at process._tickCallback (internal/process/next_tick.js:180:9)
2019-03-07 21:02:15: Thu, 07 Mar 2019 13:02:15 GMT sequelize deprecated String based operators are now deprecated. Please use Symbol based operators for better security, read more at http://docs.sequelizejs.com/manual/tutorial/querying.html#operators at node_modules/sequelize/lib/sequelize.js:242:13
2019-03-07 21:02:15: Thu, 07 Mar 2019 13:02:15 GMT sequelize deprecated String based operators are now deprecated. Please use Symbol based operators for better security, read more at http://docs.sequelizejs.com/manual/tutorial/querying.html#operators at node_modules/sequelize/lib/sequelize.js:242:13
2019-03-07 21:02:15: Thu, 07 Mar 2019 13:02:15 GMT sequelize deprecated String based operators are now deprecated. Please use Symbol based operators for better security, read more at http://docs.sequelizejs.com/manual/tutorial/querying.html#operators at node_modules/sequelize/lib/sequelize.js:242:13
Error: bind EADDRINUSE null:8000
    at Object._errnoException (util.js:1022:11)
    at _exceptionWithHostPort (util.js:1044:20)
    at listenOnMasterHandle (net.js:1427:16)
    at rr (internal/cluster/child.js:121:12)
    at Worker.send (internal/cluster/child.js:88:7)
    at process.onInternalMessage (internal/cluster/utils.js:42:8)
    at emitTwo (events.js:131:20)
    at process.emit (events.js:214:7)
    at emit (internal/child_process.js:772:12)
    at _combinedTickCallback (internal/process/next_tick.js:141:11)
    at process._tickCallback (internal/process/next_tick.js:180:9)
Error: bind EADDRINUSE null:8000
    at Object._errnoException (util.js:1022:11)
    at _exceptionWithHostPort (util.js:1044:20)
    at listenOnMasterHandle (net.js:1427:16)
    at rr (internal/cluster/child.js:121:12)
    at Worker.send (internal/cluster/child.js:88:7)
    at process.onInternalMessage (internal/cluster/utils.js:42:8)
    at emitTwo (events.js:131:20)
    at process.emit (events.js:214:7)
    at emit (internal/child_process.js:772:12)
    at _combinedTickCallback (internal/process/next_tick.js:141:11)
    at process._tickCallback (internal/process/next_tick.js:180:9)
Error: bind EADDRINUSE null:8000
    at Object._errnoException (util.js:1022:11)
    at _exceptionWithHostPort (util.js:1044:20)
    at listenOnMasterHandle (net.js:1427:16)
    at rr (internal/cluster/child.js:121:12)
    at Worker.send (internal/cluster/child.js:88:7)
    at process.onInternalMessage (internal/cluster/utils.js:42:8)
    at emitTwo (events.js:131:20)
    at process.emit (events.js:214:7)
    at emit (internal/child_process.js:772:12)
    at _combinedTickCallback (internal/process/next_tick.js:141:11)
    at process._tickCallback (internal/process/next_tick.js:180:9)
2019-03-07 21:02:15: Thu, 07 Mar 2019 13:02:15 GMT sequelize deprecated String based operators are now deprecated. Please use Symbol based operators for better security, read more at http://docs.sequelizejs.com/manual/tutorial/querying.html#operators at node_modules/sequelize/lib/sequelize.js:242:13
Error: bind EADDRINUSE null:8000
    at Object._errnoException (util.js:1022:11)
    at _exceptionWithHostPort (util.js:1044:20)
    at listenOnMasterHandle (net.js:1427:16)
    at rr (internal/cluster/child.js:121:12)
    at Worker.send (internal/cluster/child.js:88:7)
    at process.onInternalMessage (internal/cluster/utils.js:42:8)
    at emitTwo (events.js:131:20)
    at process.emit (events.js:214:7)
    at emit (internal/child_process.js:772:12)
    at _combinedTickCallback (internal/process/next_tick.js:141:11)
    at process._tickCallback (internal/process/next_tick.js:180:9)
2019-03-07 21:02:16: Thu, 07 Mar 2019 13:02:16 GMT sequelize deprecated String based operators are now deprecated. Please use Symbol based operators for better security, read more at http://docs.sequelizejs.com/manual/tutorial/querying.html#operators at node_modules/sequelize/lib/sequelize.js:242:13
2019-03-07 21:02:16: Thu, 07 Mar 2019 13:02:16 GMT sequelize deprecated String based operators are now deprecated. Please use Symbol based operators for better security, read more at http://docs.sequelizejs.com/manual/tutorial/querying.html#operators at node_modules/sequelize/lib/sequelize.js:242:13
2019-03-07 21:02:16: Thu, 07 Mar 2019 13:02:16 GMT sequelize deprecated String based operators are now deprecated. Please use Symbol based operators for better security, read more at http://docs.sequelizejs.com/manual/tutorial/querying.html#operators at node_modules/sequelize/lib/sequelize.js:242:13
Error: bind EADDRINUSE null:8000
    at Object._errnoException (util.js:1022:11)
    at _exceptionWithHostPort (util.js:1044:20)
    at listenOnMasterHandle (net.js:1427:16)
    at rr (internal/cluster/child.js:121:12)
    at Worker.send (internal/cluster/child.js:88:7)
    at process.onInternalMessage (internal/cluster/utils.js:42:8)
    at emitTwo (events.js:131:20)
    at process.emit (events.js:214:7)
    at emit (internal/child_process.js:772:12)
    at _combinedTickCallback (internal/process/next_tick.js:141:11)
    at process._tickCallback (internal/process/next_tick.js:180:9)
Error: bind EADDRINUSE null:8000
    at Object._errnoException (util.js:1022:11)
    at _exceptionWithHostPort (util.js:1044:20)
    at listenOnMasterHandle (net.js:1427:16)
    at rr (internal/cluster/child.js:121:12)
    at Worker.send (internal/cluster/child.js:88:7)
    at process.onInternalMessage (internal/cluster/utils.js:42:8)
    at emitTwo (events.js:131:20)
    at process.emit (events.js:214:7)
    at emit (internal/child_process.js:772:12)
    at _combinedTickCallback (internal/process/next_tick.js:141:11)
    at process._tickCallback (internal/process/next_tick.js:180:9)
Error: bind EADDRINUSE null:8000
    at Object._errnoException (util.js:1022:11)
    at _exceptionWithHostPort (util.js:1044:20)
    at listenOnMasterHandle (net.js:1427:16)
    at rr (internal/cluster/child.js:121:12)
    at Worker.send (internal/cluster/child.js:88:7)
    at process.onInternalMessage (internal/cluster/utils.js:42:8)
    at emitTwo (events.js:131:20)
    at process.emit (events.js:214:7)
    at emit (internal/child_process.js:772:12)
    at _combinedTickCallback (internal/process/next_tick.js:141:11)
    at process._tickCallback (internal/process/next_tick.js:180:9)
2019-03-07 21:02:17: Thu, 07 Mar 2019 13:02:17 GMT sequelize deprecated String based operators are now deprecated. Please use Symbol based operators for better security, read more at http://docs.sequelizejs.com/manual/tutorial/querying.html#operators at node_modules/sequelize/lib/sequelize.js:242:13
Error: bind EADDRINUSE null:8000
    at Object._errnoException (util.js:1022:11)
    at _exceptionWithHostPort (util.js:1044:20)
    at listenOnMasterHandle (net.js:1427:16)
    at rr (internal/cluster/child.js:121:12)
    at Worker.send (internal/cluster/child.js:88:7)
    at process.onInternalMessage (internal/cluster/utils.js:42:8)
    at emitTwo (events.js:131:20)
    at process.emit (events.js:214:7)
    at emit (internal/child_process.js:772:12)
    at _combinedTickCallback (internal/process/next_tick.js:141:11)
    at process._tickCallback (internal/process/next_tick.js:180:9)
2019-03-07 21:02:19: Thu, 07 Mar 2019 13:02:19 GMT sequelize deprecated String based operators are now deprecated. Please use Symbol based operators for better security, read more at http://docs.sequelizejs.com/manual/tutorial/querying.html#operators at node_modules/sequelize/lib/sequelize.js:242:13
2019-03-07 21:02:19: Thu, 07 Mar 2019 13:02:19 GMT sequelize deprecated String based operators are now deprecated. Please use Symbol based operators for better security, read more at http://docs.sequelizejs.com/manual/tutorial/querying.html#operators at node_modules/sequelize/lib/sequelize.js:242:13
2019-03-07 21:02:19: Thu, 07 Mar 2019 13:02:19 GMT sequelize deprecated String based operators are now deprecated. Please use Symbol based operators for better security, read more at http://docs.sequelizejs.com/manual/tutorial/querying.html#operators at node_modules/sequelize/lib/sequelize.js:242:13
Error: bind EADDRINUSE null:8000
    at Object._errnoException (util.js:1022:11)
    at _exceptionWithHostPort (util.js:1044:20)
    at listenOnMasterHandle (net.js:1427:16)
    at rr (internal/cluster/child.js:121:12)
    at Worker.send (internal/cluster/child.js:88:7)
    at process.onInternalMessage (internal/cluster/utils.js:42:8)
    at emitTwo (events.js:131:20)
    at process.emit (events.js:214:7)
    at emit (internal/child_process.js:772:12)
    at _combinedTickCallback (internal/process/next_tick.js:141:11)
    at process._tickCallback (internal/process/next_tick.js:180:9)
Error: bind EADDRINUSE null:8000
    at Object._errnoException (util.js:1022:11)
    at _exceptionWithHostPort (util.js:1044:20)
    at listenOnMasterHandle (net.js:1427:16)
    at rr (internal/cluster/child.js:121:12)
    at Worker.send (internal/cluster/child.js:88:7)
    at process.onInternalMessage (internal/cluster/utils.js:42:8)
    at emitTwo (events.js:131:20)
    at process.emit (events.js:214:7)
    at emit (internal/child_process.js:772:12)
    at _combinedTickCallback (internal/process/next_tick.js:141:11)
    at process._tickCallback (internal/process/next_tick.js:180:9)
Error: bind EADDRINUSE null:8000
    at Object._errnoException (util.js:1022:11)
    at _exceptionWithHostPort (util.js:1044:20)
    at listenOnMasterHandle (net.js:1427:16)
    at rr (internal/cluster/child.js:121:12)
    at Worker.send (internal/cluster/child.js:88:7)
    at process.onInternalMessage (internal/cluster/utils.js:42:8)
    at emitTwo (events.js:131:20)
    at process.emit (events.js:214:7)
    at emit (internal/child_process.js:772:12)
    at _combinedTickCallback (internal/process/next_tick.js:141:11)
    at process._tickCallback (internal/process/next_tick.js:180:9)
2019-03-07 21:02:20: Thu, 07 Mar 2019 13:02:20 GMT sequelize deprecated String based operators are now deprecated. Please use Symbol based operators for better security, read more at http://docs.sequelizejs.com/manual/tutorial/querying.html#operators at node_modules/sequelize/lib/sequelize.js:242:13
Error: bind EADDRINUSE null:8000
    at Object._errnoException (util.js:1022:11)
    at _exceptionWithHostPort (util.js:1044:20)
    at listenOnMasterHandle (net.js:1427:16)
    at rr (internal/cluster/child.js:121:12)
    at Worker.send (internal/cluster/child.js:88:7)
    at process.onInternalMessage (internal/cluster/utils.js:42:8)
    at emitTwo (events.js:131:20)
    at process.emit (events.js:214:7)
    at emit (internal/child_process.js:772:12)
    at _combinedTickCallback (internal/process/next_tick.js:141:11)
    at process._tickCallback (internal/process/next_tick.js:180:9)
2019-03-07 21:02:21: Thu, 07 Mar 2019 13:02:21 GMT sequelize deprecated String based operators are now deprecated. Please use Symbol based operators for better security, read more at http://docs.sequelizejs.com/manual/tutorial/querying.html#operators at node_modules/sequelize/lib/sequelize.js:242:13
2019-03-07 21:02:21: Thu, 07 Mar 2019 13:02:21 GMT sequelize deprecated String based operators are now deprecated. Please use Symbol based operators for better security, read more at http://docs.sequelizejs.com/manual/tutorial/querying.html#operators at node_modules/sequelize/lib/sequelize.js:242:13
2019-03-07 21:02:21: Thu, 07 Mar 2019 13:02:21 GMT sequelize deprecated String based operators are now deprecated. Please use Symbol based operators for better security, read more at http://docs.sequelizejs.com/manual/tutorial/querying.html#operators at node_modules/sequelize/lib/sequelize.js:242:13
Error: bind EADDRINUSE null:8000
    at Object._errnoException (util.js:1022:11)
    at _exceptionWithHostPort (util.js:1044:20)
    at listenOnMasterHandle (net.js:1427:16)
    at rr (internal/cluster/child.js:121:12)
    at Worker.send (internal/cluster/child.js:88:7)
    at process.onInternalMessage (internal/cluster/utils.js:42:8)
    at emitTwo (events.js:131:20)
    at process.emit (events.js:214:7)
    at emit (internal/child_process.js:772:12)
    at _combinedTickCallback (internal/process/next_tick.js:141:11)
    at process._tickCallback (internal/process/next_tick.js:180:9)
Error: bind EADDRINUSE null:8000
    at Object._errnoException (util.js:1022:11)
    at _exceptionWithHostPort (util.js:1044:20)
    at listenOnMasterHandle (net.js:1427:16)
    at rr (internal/cluster/child.js:121:12)
    at Worker.send (internal/cluster/child.js:88:7)
    at process.onInternalMessage (internal/cluster/utils.js:42:8)
    at emitTwo (events.js:131:20)
    at process.emit (events.js:214:7)
    at emit (internal/child_process.js:772:12)
    at _combinedTickCallback (internal/process/next_tick.js:141:11)
    at process._tickCallback (internal/process/next_tick.js:180:9)
Error: bind EADDRINUSE null:8000
    at Object._errnoException (util.js:1022:11)
    at _exceptionWithHostPort (util.js:1044:20)
    at listenOnMasterHandle (net.js:1427:16)
    at rr (internal/cluster/child.js:121:12)
    at Worker.send (internal/cluster/child.js:88:7)
    at process.onInternalMessage (internal/cluster/utils.js:42:8)
    at emitTwo (events.js:131:20)
    at process.emit (events.js:214:7)
    at emit (internal/child_process.js:772:12)
    at _combinedTickCallback (internal/process/next_tick.js:141:11)
    at process._tickCallback (internal/process/next_tick.js:180:9)
2019-03-07 21:02:23: Thu, 07 Mar 2019 13:02:23 GMT sequelize deprecated String based operators are now deprecated. Please use Symbol based operators for better security, read more at http://docs.sequelizejs.com/manual/tutorial/querying.html#operators at node_modules/sequelize/lib/sequelize.js:242:13
Error: bind EADDRINUSE null:8000
    at Object._errnoException (util.js:1022:11)
    at _exceptionWithHostPort (util.js:1044:20)
    at listenOnMasterHandle (net.js:1427:16)
    at rr (internal/cluster/child.js:121:12)
    at Worker.send (internal/cluster/child.js:88:7)
    at process.onInternalMessage (internal/cluster/utils.js:42:8)
    at emitTwo (events.js:131:20)
    at process.emit (events.js:214:7)
    at emit (internal/child_process.js:772:12)
    at _combinedTickCallback (internal/process/next_tick.js:141:11)
    at process._tickCallback (internal/process/next_tick.js:180:9)
2019-03-07 21:02:24: Thu, 07 Mar 2019 13:02:24 GMT sequelize deprecated String based operators are now deprecated. Please use Symbol based operators for better security, read more at http://docs.sequelizejs.com/manual/tutorial/querying.html#operators at node_modules/sequelize/lib/sequelize.js:242:13
2019-03-07 21:02:24: Thu, 07 Mar 2019 13:02:24 GMT sequelize deprecated String based operators are now deprecated. Please use Symbol based operators for better security, read more at http://docs.sequelizejs.com/manual/tutorial/querying.html#operators at node_modules/sequelize/lib/sequelize.js:242:13
2019-03-07 21:02:24: Thu, 07 Mar 2019 13:02:24 GMT sequelize deprecated String based operators are now deprecated. Please use Symbol based operators for better security, read more at http://docs.sequelizejs.com/manual/tutorial/querying.html#operators at node_modules/sequelize/lib/sequelize.js:242:13
Error: bind EADDRINUSE null:8000
    at Object._errnoException (util.js:1022:11)
    at _exceptionWithHostPort (util.js:1044:20)
    at listenOnMasterHandle (net.js:1427:16)
    at rr (internal/cluster/child.js:121:12)
    at Worker.send (internal/cluster/child.js:88:7)
    at process.onInternalMessage (internal/cluster/utils.js:42:8)
    at emitTwo (events.js:131:20)
    at process.emit (events.js:214:7)
    at emit (internal/child_process.js:772:12)
    at _combinedTickCallback (internal/process/next_tick.js:141:11)
    at process._tickCallback (internal/process/next_tick.js:180:9)
Error: bind EADDRINUSE null:8000
    at Object._errnoException (util.js:1022:11)
    at _exceptionWithHostPort (util.js:1044:20)
    at listenOnMasterHandle (net.js:1427:16)
    at rr (internal/cluster/child.js:121:12)
    at Worker.send (internal/cluster/child.js:88:7)
    at process.onInternalMessage (internal/cluster/utils.js:42:8)
    at emitTwo (events.js:131:20)
    at process.emit (events.js:214:7)
    at emit (internal/child_process.js:772:12)
    at _combinedTickCallback (internal/process/next_tick.js:141:11)
    at process._tickCallback (internal/process/next_tick.js:180:9)
Error: bind EADDRINUSE null:8000
    at Object._errnoException (util.js:1022:11)
    at _exceptionWithHostPort (util.js:1044:20)
    at listenOnMasterHandle (net.js:1427:16)
    at rr (internal/cluster/child.js:121:12)
    at Worker.send (internal/cluster/child.js:88:7)
    at process.onInternalMessage (internal/cluster/utils.js:42:8)
    at emitTwo (events.js:131:20)
    at process.emit (events.js:214:7)
    at emit (internal/child_process.js:772:12)
    at _combinedTickCallback (internal/process/next_tick.js:141:11)
    at process._tickCallback (internal/process/next_tick.js:180:9)
2019-03-07 21:02:25: Thu, 07 Mar 2019 13:02:25 GMT sequelize deprecated String based operators are now deprecated. Please use Symbol based operators for better security, read more at http://docs.sequelizejs.com/manual/tutorial/querying.html#operators at node_modules/sequelize/lib/sequelize.js:242:13
Error: bind EADDRINUSE null:8000
    at Object._errnoException (util.js:1022:11)
    at _exceptionWithHostPort (util.js:1044:20)
    at listenOnMasterHandle (net.js:1427:16)
    at rr (internal/cluster/child.js:121:12)
    at Worker.send (internal/cluster/child.js:88:7)
    at process.onInternalMessage (internal/cluster/utils.js:42:8)
    at emitTwo (events.js:131:20)
    at process.emit (events.js:214:7)
    at emit (internal/child_process.js:772:12)
    at _combinedTickCallback (internal/process/next_tick.js:141:11)
    at process._tickCallback (internal/process/next_tick.js:180:9)
2019-03-07 21:02:26: Thu, 07 Mar 2019 13:02:26 GMT sequelize deprecated String based operators are now deprecated. Please use Symbol based operators for better security, read more at http://docs.sequelizejs.com/manual/tutorial/querying.html#operators at node_modules/sequelize/lib/sequelize.js:242:13
2019-03-07 21:02:26: Thu, 07 Mar 2019 13:02:26 GMT sequelize deprecated String based operators are now deprecated. Please use Symbol based operators for better security, read more at http://docs.sequelizejs.com/manual/tutorial/querying.html#operators at node_modules/sequelize/lib/sequelize.js:242:13
2019-03-07 21:02:26: Thu, 07 Mar 2019 13:02:26 GMT sequelize deprecated String based operators are now deprecated. Please use Symbol based operators for better security, read more at http://docs.sequelizejs.com/manual/tutorial/querying.html#operators at node_modules/sequelize/lib/sequelize.js:242:13
Error: bind EADDRINUSE null:8000
    at Object._errnoException (util.js:1022:11)
    at _exceptionWithHostPort (util.js:1044:20)
    at listenOnMasterHandle (net.js:1427:16)
    at rr (internal/cluster/child.js:121:12)
    at Worker.send (internal/cluster/child.js:88:7)
    at process.onInternalMessage (internal/cluster/utils.js:42:8)
    at emitTwo (events.js:131:20)
    at process.emit (events.js:214:7)
    at emit (internal/child_process.js:772:12)
    at _combinedTickCallback (internal/process/next_tick.js:141:11)
    at process._tickCallback (internal/process/next_tick.js:180:9)
Error: bind EADDRINUSE null:8000
    at Object._errnoException (util.js:1022:11)
    at _exceptionWithHostPort (util.js:1044:20)
    at listenOnMasterHandle (net.js:1427:16)
    at rr (internal/cluster/child.js:121:12)
    at Worker.send (internal/cluster/child.js:88:7)
    at process.onInternalMessage (internal/cluster/utils.js:42:8)
    at emitTwo (events.js:131:20)
    at process.emit (events.js:214:7)
    at emit (internal/child_process.js:772:12)
    at _combinedTickCallback (internal/process/next_tick.js:141:11)
    at process._tickCallback (internal/process/next_tick.js:180:9)
Error: bind EADDRINUSE null:8000
    at Object._errnoException (util.js:1022:11)
    at _exceptionWithHostPort (util.js:1044:20)
    at listenOnMasterHandle (net.js:1427:16)
    at rr (internal/cluster/child.js:121:12)
    at Worker.send (internal/cluster/child.js:88:7)
    at process.onInternalMessage (internal/cluster/utils.js:42:8)
    at emitTwo (events.js:131:20)
    at process.emit (events.js:214:7)
    at emit (internal/child_process.js:772:12)
    at _combinedTickCallback (internal/process/next_tick.js:141:11)
    at process._tickCallback (internal/process/next_tick.js:180:9)
2019-03-07 21:02:27: Thu, 07 Mar 2019 13:02:27 GMT sequelize deprecated String based operators are now deprecated. Please use Symbol based operators for better security, read more at http://docs.sequelizejs.com/manual/tutorial/querying.html#operators at node_modules/sequelize/lib/sequelize.js:242:13
Error: bind EADDRINUSE null:8000
    at Object._errnoException (util.js:1022:11)
    at _exceptionWithHostPort (util.js:1044:20)
    at listenOnMasterHandle (net.js:1427:16)
    at rr (internal/cluster/child.js:121:12)
    at Worker.send (internal/cluster/child.js:88:7)
    at process.onInternalMessage (internal/cluster/utils.js:42:8)
    at emitTwo (events.js:131:20)
    at process.emit (events.js:214:7)
    at emit (internal/child_process.js:772:12)
    at _combinedTickCallback (internal/process/next_tick.js:141:11)
    at process._tickCallback (internal/process/next_tick.js:180:9)
2019-03-07 21:02:28: Thu, 07 Mar 2019 13:02:28 GMT sequelize deprecated String based operators are now deprecated. Please use Symbol based operators for better security, read more at http://docs.sequelizejs.com/manual/tutorial/querying.html#operators at node_modules/sequelize/lib/sequelize.js:242:13
2019-03-07 21:02:28: Thu, 07 Mar 2019 13:02:28 GMT sequelize deprecated String based operators are now deprecated. Please use Symbol based operators for better security, read more at http://docs.sequelizejs.com/manual/tutorial/querying.html#operators at node_modules/sequelize/lib/sequelize.js:242:13
2019-03-07 21:02:28: Thu, 07 Mar 2019 13:02:28 GMT sequelize deprecated String based operators are now deprecated. Please use Symbol based operators for better security, read more at http://docs.sequelizejs.com/manual/tutorial/querying.html#operators at node_modules/sequelize/lib/sequelize.js:242:13
Error: bind EADDRINUSE null:8000
    at Object._errnoException (util.js:1022:11)
    at _exceptionWithHostPort (util.js:1044:20)
    at listenOnMasterHandle (net.js:1427:16)
    at rr (internal/cluster/child.js:121:12)
    at Worker.send (internal/cluster/child.js:88:7)
    at process.onInternalMessage (internal/cluster/utils.js:42:8)
    at emitTwo (events.js:131:20)
    at process.emit (events.js:214:7)
    at emit (internal/child_process.js:772:12)
    at _combinedTickCallback (internal/process/next_tick.js:141:11)
    at process._tickCallback (internal/process/next_tick.js:180:9)
Error: bind EADDRINUSE null:8000
    at Object._errnoException (util.js:1022:11)
    at _exceptionWithHostPort (util.js:1044:20)
    at listenOnMasterHandle (net.js:1427:16)
    at rr (internal/cluster/child.js:121:12)
    at Worker.send (internal/cluster/child.js:88:7)
    at process.onInternalMessage (internal/cluster/utils.js:42:8)
    at emitTwo (events.js:131:20)
    at process.emit (events.js:214:7)
    at emit (internal/child_process.js:772:12)
    at _combinedTickCallback (internal/process/next_tick.js:141:11)
    at process._tickCallback (internal/process/next_tick.js:180:9)
Error: bind EADDRINUSE null:8000
    at Object._errnoException (util.js:1022:11)
    at _exceptionWithHostPort (util.js:1044:20)
    at listenOnMasterHandle (net.js:1427:16)
    at rr (internal/cluster/child.js:121:12)
    at Worker.send (internal/cluster/child.js:88:7)
    at process.onInternalMessage (internal/cluster/utils.js:42:8)
    at emitTwo (events.js:131:20)
    at process.emit (events.js:214:7)
    at emit (internal/child_process.js:772:12)
    at _combinedTickCallback (internal/process/next_tick.js:141:11)
    at process._tickCallback (internal/process/next_tick.js:180:9)
2019-03-07 21:02:29: Thu, 07 Mar 2019 13:02:29 GMT sequelize deprecated String based operators are now deprecated. Please use Symbol based operators for better security, read more at http://docs.sequelizejs.com/manual/tutorial/querying.html#operators at node_modules/sequelize/lib/sequelize.js:242:13
Error: bind EADDRINUSE null:8000
    at Object._errnoException (util.js:1022:11)
    at _exceptionWithHostPort (util.js:1044:20)
    at listenOnMasterHandle (net.js:1427:16)
    at rr (internal/cluster/child.js:121:12)
    at Worker.send (internal/cluster/child.js:88:7)
    at process.onInternalMessage (internal/cluster/utils.js:42:8)
    at emitTwo (events.js:131:20)
    at process.emit (events.js:214:7)
    at emit (internal/child_process.js:772:12)
    at _combinedTickCallback (internal/process/next_tick.js:141:11)
    at process._tickCallback (internal/process/next_tick.js:180:9)
2019-03-07 21:02:30: Thu, 07 Mar 2019 13:02:30 GMT sequelize deprecated String based operators are now deprecated. Please use Symbol based operators for better security, read more at http://docs.sequelizejs.com/manual/tutorial/querying.html#operators at node_modules/sequelize/lib/sequelize.js:242:13
2019-03-07 21:02:30: Thu, 07 Mar 2019 13:02:30 GMT sequelize deprecated String based operators are now deprecated. Please use Symbol based operators for better security, read more at http://docs.sequelizejs.com/manual/tutorial/querying.html#operators at node_modules/sequelize/lib/sequelize.js:242:13
2019-03-07 21:02:30: Thu, 07 Mar 2019 13:02:30 GMT sequelize deprecated String based operators are now deprecated. Please use Symbol based operators for better security, read more at http://docs.sequelizejs.com/manual/tutorial/querying.html#operators at node_modules/sequelize/lib/sequelize.js:242:13
Error: bind EADDRINUSE null:8000
    at Object._errnoException (util.js:1022:11)
    at _exceptionWithHostPort (util.js:1044:20)
    at listenOnMasterHandle (net.js:1427:16)
    at rr (internal/cluster/child.js:121:12)
    at Worker.send (internal/cluster/child.js:88:7)
    at process.onInternalMessage (internal/cluster/utils.js:42:8)
    at emitTwo (events.js:131:20)
    at process.emit (events.js:214:7)
    at emit (internal/child_process.js:772:12)
    at _combinedTickCallback (internal/process/next_tick.js:141:11)
    at process._tickCallback (internal/process/next_tick.js:180:9)
Error: bind EADDRINUSE null:8000
    at Object._errnoException (util.js:1022:11)
    at _exceptionWithHostPort (util.js:1044:20)
    at listenOnMasterHandle (net.js:1427:16)
    at rr (internal/cluster/child.js:121:12)
    at Worker.send (internal/cluster/child.js:88:7)
    at process.onInternalMessage (internal/cluster/utils.js:42:8)
    at emitTwo (events.js:131:20)
    at process.emit (events.js:214:7)
    at emit (internal/child_process.js:772:12)
    at _combinedTickCallback (internal/process/next_tick.js:141:11)
    at process._tickCallback (internal/process/next_tick.js:180:9)
Error: bind EADDRINUSE null:8000
    at Object._errnoException (util.js:1022:11)
    at _exceptionWithHostPort (util.js:1044:20)
    at listenOnMasterHandle (net.js:1427:16)
    at rr (internal/cluster/child.js:121:12)
    at Worker.send (internal/cluster/child.js:88:7)
    at process.onInternalMessage (internal/cluster/utils.js:42:8)
    at emitTwo (events.js:131:20)
    at process.emit (events.js:214:7)
    at emit (internal/child_process.js:772:12)
    at _combinedTickCallback (internal/process/next_tick.js:141:11)
    at process._tickCallback (internal/process/next_tick.js:180:9)
2019-03-07 21:02:31: Thu, 07 Mar 2019 13:02:31 GMT sequelize deprecated String based operators are now deprecated. Please use Symbol based operators for better security, read more at http://docs.sequelizejs.com/manual/tutorial/querying.html#operators at node_modules/sequelize/lib/sequelize.js:242:13
Error: bind EADDRINUSE null:8000
    at Object._errnoException (util.js:1022:11)
    at _exceptionWithHostPort (util.js:1044:20)
    at listenOnMasterHandle (net.js:1427:16)
    at rr (internal/cluster/child.js:121:12)
    at Worker.send (internal/cluster/child.js:88:7)
    at process.onInternalMessage (internal/cluster/utils.js:42:8)
    at emitTwo (events.js:131:20)
    at process.emit (events.js:214:7)
    at emit (internal/child_process.js:772:12)
    at _combinedTickCallback (internal/process/next_tick.js:141:11)
    at process._tickCallback (internal/process/next_tick.js:180:9)
2019-03-07 21:02:31: Thu, 07 Mar 2019 13:02:31 GMT sequelize deprecated String based operators are now deprecated. Please use Symbol based operators for better security, read more at http://docs.sequelizejs.com/manual/tutorial/querying.html#operators at node_modules/sequelize/lib/sequelize.js:242:13
2019-03-07 21:02:31: Thu, 07 Mar 2019 13:02:31 GMT sequelize deprecated String based operators are now deprecated. Please use Symbol based operators for better security, read more at http://docs.sequelizejs.com/manual/tutorial/querying.html#operators at node_modules/sequelize/lib/sequelize.js:242:13
2019-03-07 21:02:31: Thu, 07 Mar 2019 13:02:31 GMT sequelize deprecated String based operators are now deprecated. Please use Symbol based operators for better security, read more at http://docs.sequelizejs.com/manual/tutorial/querying.html#operators at node_modules/sequelize/lib/sequelize.js:242:13
Error: bind EADDRINUSE null:8000
    at Object._errnoException (util.js:1022:11)
    at _exceptionWithHostPort (util.js:1044:20)
    at listenOnMasterHandle (net.js:1427:16)
    at rr (internal/cluster/child.js:121:12)
    at Worker.send (internal/cluster/child.js:88:7)
    at process.onInternalMessage (internal/cluster/utils.js:42:8)
    at emitTwo (events.js:131:20)
    at process.emit (events.js:214:7)
    at emit (internal/child_process.js:772:12)
    at _combinedTickCallback (internal/process/next_tick.js:141:11)
    at process._tickCallback (internal/process/next_tick.js:180:9)
Error: bind EADDRINUSE null:8000
    at Object._errnoException (util.js:1022:11)
    at _exceptionWithHostPort (util.js:1044:20)
    at listenOnMasterHandle (net.js:1427:16)
    at rr (internal/cluster/child.js:121:12)
    at Worker.send (internal/cluster/child.js:88:7)
    at process.onInternalMessage (internal/cluster/utils.js:42:8)
    at emitTwo (events.js:131:20)
    at process.emit (events.js:214:7)
    at emit (internal/child_process.js:772:12)
    at _combinedTickCallback (internal/process/next_tick.js:141:11)
    at process._tickCallback (internal/process/next_tick.js:180:9)
Error: bind EADDRINUSE null:8000
    at Object._errnoException (util.js:1022:11)
    at _exceptionWithHostPort (util.js:1044:20)
    at listenOnMasterHandle (net.js:1427:16)
    at rr (internal/cluster/child.js:121:12)
    at Worker.send (internal/cluster/child.js:88:7)
    at process.onInternalMessage (internal/cluster/utils.js:42:8)
    at emitTwo (events.js:131:20)
    at process.emit (events.js:214:7)
    at emit (internal/child_process.js:772:12)
    at _combinedTickCallback (internal/process/next_tick.js:141:11)
    at process._tickCallback (internal/process/next_tick.js:180:9)
2019-03-07 21:02:32: Thu, 07 Mar 2019 13:02:32 GMT sequelize deprecated String based operators are now deprecated. Please use Symbol based operators for better security, read more at http://docs.sequelizejs.com/manual/tutorial/querying.html#operators at node_modules/sequelize/lib/sequelize.js:242:13
Error: bind EADDRINUSE null:8000
    at Object._errnoException (util.js:1022:11)
    at _exceptionWithHostPort (util.js:1044:20)
    at listenOnMasterHandle (net.js:1427:16)
    at rr (internal/cluster/child.js:121:12)
    at Worker.send (internal/cluster/child.js:88:7)
    at process.onInternalMessage (internal/cluster/utils.js:42:8)
    at emitTwo (events.js:131:20)
    at process.emit (events.js:214:7)
    at emit (internal/child_process.js:772:12)
    at _combinedTickCallback (internal/process/next_tick.js:141:11)
    at process._tickCallback (internal/process/next_tick.js:180:9)
2019-03-07 21:02:33: Thu, 07 Mar 2019 13:02:33 GMT sequelize deprecated String based operators are now deprecated. Please use Symbol based operators for better security, read more at http://docs.sequelizejs.com/manual/tutorial/querying.html#operators at node_modules/sequelize/lib/sequelize.js:242:13
2019-03-07 21:02:33: Thu, 07 Mar 2019 13:02:33 GMT sequelize deprecated String based operators are now deprecated. Please use Symbol based operators for better security, read more at http://docs.sequelizejs.com/manual/tutorial/querying.html#operators at node_modules/sequelize/lib/sequelize.js:242:13
2019-03-07 21:02:33: Thu, 07 Mar 2019 13:02:33 GMT sequelize deprecated String based operators are now deprecated. Please use Symbol based operators for better security, read more at http://docs.sequelizejs.com/manual/tutorial/querying.html#operators at node_modules/sequelize/lib/sequelize.js:242:13
Error: bind EADDRINUSE null:8000
    at Object._errnoException (util.js:1022:11)
    at _exceptionWithHostPort (util.js:1044:20)
    at listenOnMasterHandle (net.js:1427:16)
    at rr (internal/cluster/child.js:121:12)
    at Worker.send (internal/cluster/child.js:88:7)
    at process.onInternalMessage (internal/cluster/utils.js:42:8)
    at emitTwo (events.js:131:20)
    at process.emit (events.js:214:7)
    at emit (internal/child_process.js:772:12)
    at _combinedTickCallback (internal/process/next_tick.js:141:11)
    at process._tickCallback (internal/process/next_tick.js:180:9)
Error: bind EADDRINUSE null:8000
    at Object._errnoException (util.js:1022:11)
    at _exceptionWithHostPort (util.js:1044:20)
    at listenOnMasterHandle (net.js:1427:16)
    at rr (internal/cluster/child.js:121:12)
    at Worker.send (internal/cluster/child.js:88:7)
    at process.onInternalMessage (internal/cluster/utils.js:42:8)
    at emitTwo (events.js:131:20)
    at process.emit (events.js:214:7)
    at emit (internal/child_process.js:772:12)
    at _combinedTickCallback (internal/process/next_tick.js:141:11)
    at process._tickCallback (internal/process/next_tick.js:180:9)
Error: bind EADDRINUSE null:8000
    at Object._errnoException (util.js:1022:11)
    at _exceptionWithHostPort (util.js:1044:20)
    at listenOnMasterHandle (net.js:1427:16)
    at rr (internal/cluster/child.js:121:12)
    at Worker.send (internal/cluster/child.js:88:7)
    at process.onInternalMessage (internal/cluster/utils.js:42:8)
    at emitTwo (events.js:131:20)
    at process.emit (events.js:214:7)
    at emit (internal/child_process.js:772:12)
    at _combinedTickCallback (internal/process/next_tick.js:141:11)
    at process._tickCallback (internal/process/next_tick.js:180:9)
2019-03-07 21:02:34: Thu, 07 Mar 2019 13:02:34 GMT sequelize deprecated String based operators are now deprecated. Please use Symbol based operators for better security, read more at http://docs.sequelizejs.com/manual/tutorial/querying.html#operators at node_modules/sequelize/lib/sequelize.js:242:13
Error: bind EADDRINUSE null:8000
    at Object._errnoException (util.js:1022:11)
    at _exceptionWithHostPort (util.js:1044:20)
    at listenOnMasterHandle (net.js:1427:16)
    at rr (internal/cluster/child.js:121:12)
    at Worker.send (internal/cluster/child.js:88:7)
    at process.onInternalMessage (internal/cluster/utils.js:42:8)
    at emitTwo (events.js:131:20)
    at process.emit (events.js:214:7)
    at emit (internal/child_process.js:772:12)
    at _combinedTickCallback (internal/process/next_tick.js:141:11)
    at process._tickCallback (internal/process/next_tick.js:180:9)
2019-03-07 21:02:35: Thu, 07 Mar 2019 13:02:35 GMT sequelize deprecated String based operators are now deprecated. Please use Symbol based operators for better security, read more at http://docs.sequelizejs.com/manual/tutorial/querying.html#operators at node_modules/sequelize/lib/sequelize.js:242:13
2019-03-07 21:02:35: Thu, 07 Mar 2019 13:02:35 GMT sequelize deprecated String based operators are now deprecated. Please use Symbol based operators for better security, read more at http://docs.sequelizejs.com/manual/tutorial/querying.html#operators at node_modules/sequelize/lib/sequelize.js:242:13
2019-03-07 21:02:35: Thu, 07 Mar 2019 13:02:35 GMT sequelize deprecated String based operators are now deprecated. Please use Symbol based operators for better security, read more at http://docs.sequelizejs.com/manual/tutorial/querying.html#operators at node_modules/sequelize/lib/sequelize.js:242:13
Error: bind EADDRINUSE null:8000
    at Object._errnoException (util.js:1022:11)
    at _exceptionWithHostPort (util.js:1044:20)
    at listenOnMasterHandle (net.js:1427:16)
    at rr (internal/cluster/child.js:121:12)
    at Worker.send (internal/cluster/child.js:88:7)
    at process.onInternalMessage (internal/cluster/utils.js:42:8)
    at emitTwo (events.js:131:20)
    at process.emit (events.js:214:7)
    at emit (internal/child_process.js:772:12)
    at _combinedTickCallback (internal/process/next_tick.js:141:11)
    at process._tickCallback (internal/process/next_tick.js:180:9)
Error: bind EADDRINUSE null:8000
    at Object._errnoException (util.js:1022:11)
    at _exceptionWithHostPort (util.js:1044:20)
    at listenOnMasterHandle (net.js:1427:16)
    at rr (internal/cluster/child.js:121:12)
    at Worker.send (internal/cluster/child.js:88:7)
    at process.onInternalMessage (internal/cluster/utils.js:42:8)
    at emitTwo (events.js:131:20)
    at process.emit (events.js:214:7)
    at emit (internal/child_process.js:772:12)
    at _combinedTickCallback (internal/process/next_tick.js:141:11)
    at process._tickCallback (internal/process/next_tick.js:180:9)
Error: bind EADDRINUSE null:8000
    at Object._errnoException (util.js:1022:11)
    at _exceptionWithHostPort (util.js:1044:20)
    at listenOnMasterHandle (net.js:1427:16)
    at rr (internal/cluster/child.js:121:12)
    at Worker.send (internal/cluster/child.js:88:7)
    at process.onInternalMessage (internal/cluster/utils.js:42:8)
    at emitTwo (events.js:131:20)
    at process.emit (events.js:214:7)
    at emit (internal/child_process.js:772:12)
    at _combinedTickCallback (internal/process/next_tick.js:141:11)
    at process._tickCallback (internal/process/next_tick.js:180:9)
2019-03-07 21:02:35: Thu, 07 Mar 2019 13:02:35 GMT sequelize deprecated String based operators are now deprecated. Please use Symbol based operators for better security, read more at http://docs.sequelizejs.com/manual/tutorial/querying.html#operators at node_modules/sequelize/lib/sequelize.js:242:13
Error: bind EADDRINUSE null:8000
    at Object._errnoException (util.js:1022:11)
    at _exceptionWithHostPort (util.js:1044:20)
    at listenOnMasterHandle (net.js:1427:16)
    at rr (internal/cluster/child.js:121:12)
    at Worker.send (internal/cluster/child.js:88:7)
    at process.onInternalMessage (internal/cluster/utils.js:42:8)
    at emitTwo (events.js:131:20)
    at process.emit (events.js:214:7)
    at emit (internal/child_process.js:772:12)
    at _combinedTickCallback (internal/process/next_tick.js:141:11)
    at process._tickCallback (internal/process/next_tick.js:180:9)
2019-03-07 21:02:37: Thu, 07 Mar 2019 13:02:37 GMT sequelize deprecated String based operators are now deprecated. Please use Symbol based operators for better security, read more at http://docs.sequelizejs.com/manual/tutorial/querying.html#operators at node_modules/sequelize/lib/sequelize.js:242:13
Error: bind EADDRINUSE null:8000
    at Object._errnoException (util.js:1022:11)
    at _exceptionWithHostPort (util.js:1044:20)
    at listenOnMasterHandle (net.js:1427:16)
    at rr (internal/cluster/child.js:121:12)
    at Worker.send (internal/cluster/child.js:88:7)
    at process.onInternalMessage (internal/cluster/utils.js:42:8)
    at emitTwo (events.js:131:20)
    at process.emit (events.js:214:7)
    at emit (internal/child_process.js:772:12)
    at _combinedTickCallback (internal/process/next_tick.js:141:11)
    at process._tickCallback (internal/process/next_tick.js:180:9)
2019-03-07 21:02:37: Thu, 07 Mar 2019 13:02:37 GMT sequelize deprecated String based operators are now deprecated. Please use Symbol based operators for better security, read more at http://docs.sequelizejs.com/manual/tutorial/querying.html#operators at node_modules/sequelize/lib/sequelize.js:242:13
2019-03-07 21:02:37: Thu, 07 Mar 2019 13:02:37 GMT sequelize deprecated String based operators are now deprecated. Please use Symbol based operators for better security, read more at http://docs.sequelizejs.com/manual/tutorial/querying.html#operators at node_modules/sequelize/lib/sequelize.js:242:13
Error: bind EADDRINUSE null:8000
    at Object._errnoException (util.js:1022:11)
    at _exceptionWithHostPort (util.js:1044:20)
    at listenOnMasterHandle (net.js:1427:16)
    at rr (internal/cluster/child.js:121:12)
    at Worker.send (internal/cluster/child.js:88:7)
    at process.onInternalMessage (internal/cluster/utils.js:42:8)
    at emitTwo (events.js:131:20)
    at process.emit (events.js:214:7)
    at emit (internal/child_process.js:772:12)
    at _combinedTickCallback (internal/process/next_tick.js:141:11)
    at process._tickCallback (internal/process/next_tick.js:180:9)
Error: bind EADDRINUSE null:8000
    at Object._errnoException (util.js:1022:11)
    at _exceptionWithHostPort (util.js:1044:20)
    at listenOnMasterHandle (net.js:1427:16)
    at rr (internal/cluster/child.js:121:12)
    at Worker.send (internal/cluster/child.js:88:7)
    at process.onInternalMessage (internal/cluster/utils.js:42:8)
    at emitTwo (events.js:131:20)
    at process.emit (events.js:214:7)
    at emit (internal/child_process.js:772:12)
    at _combinedTickCallback (internal/process/next_tick.js:141:11)
    at process._tickCallback (internal/process/next_tick.js:180:9)
2019-03-07 21:02:38: Thu, 07 Mar 2019 13:02:38 GMT sequelize deprecated String based operators are now deprecated. Please use Symbol based operators for better security, read more at http://docs.sequelizejs.com/manual/tutorial/querying.html#operators at node_modules/sequelize/lib/sequelize.js:242:13
Error: bind EADDRINUSE null:8000
    at Object._errnoException (util.js:1022:11)
    at _exceptionWithHostPort (util.js:1044:20)
    at listenOnMasterHandle (net.js:1427:16)
    at rr (internal/cluster/child.js:121:12)
    at Worker.send (internal/cluster/child.js:88:7)
    at process.onInternalMessage (internal/cluster/utils.js:42:8)
    at emitTwo (events.js:131:20)
    at process.emit (events.js:214:7)
    at emit (internal/child_process.js:772:12)
    at _combinedTickCallback (internal/process/next_tick.js:141:11)
    at process._tickCallback (internal/process/next_tick.js:180:9)
2019-03-07 21:02:39: Thu, 07 Mar 2019 13:02:39 GMT sequelize deprecated String based operators are now deprecated. Please use Symbol based operators for better security, read more at http://docs.sequelizejs.com/manual/tutorial/querying.html#operators at node_modules/sequelize/lib/sequelize.js:242:13
2019-03-07 21:02:39: Thu, 07 Mar 2019 13:02:39 GMT sequelize deprecated String based operators are now deprecated. Please use Symbol based operators for better security, read more at http://docs.sequelizejs.com/manual/tutorial/querying.html#operators at node_modules/sequelize/lib/sequelize.js:242:13
Error: bind EADDRINUSE null:8000
    at Object._errnoException (util.js:1022:11)
    at _exceptionWithHostPort (util.js:1044:20)
    at listenOnMasterHandle (net.js:1427:16)
    at rr (internal/cluster/child.js:121:12)
    at Worker.send (internal/cluster/child.js:88:7)
    at process.onInternalMessage (internal/cluster/utils.js:42:8)
    at emitTwo (events.js:131:20)
    at process.emit (events.js:214:7)
    at emit (internal/child_process.js:772:12)
    at _combinedTickCallback (internal/process/next_tick.js:141:11)
    at process._tickCallback (internal/process/next_tick.js:180:9)
Error: bind EADDRINUSE null:8000
    at Object._errnoException (util.js:1022:11)
    at _exceptionWithHostPort (util.js:1044:20)
    at listenOnMasterHandle (net.js:1427:16)
    at rr (internal/cluster/child.js:121:12)
    at Worker.send (internal/cluster/child.js:88:7)
    at process.onInternalMessage (internal/cluster/utils.js:42:8)
    at emitTwo (events.js:131:20)
    at process.emit (events.js:214:7)
    at emit (internal/child_process.js:772:12)
    at _combinedTickCallback (internal/process/next_tick.js:141:11)
    at process._tickCallback (internal/process/next_tick.js:180:9)
2019-03-07 21:02:40: Thu, 07 Mar 2019 13:02:40 GMT sequelize deprecated String based operators are now deprecated. Please use Symbol based operators for better security, read more at http://docs.sequelizejs.com/manual/tutorial/querying.html#operators at node_modules/sequelize/lib/sequelize.js:242:13
2019-03-07 21:02:40: Thu, 07 Mar 2019 13:02:40 GMT sequelize deprecated String based operators are now deprecated. Please use Symbol based operators for better security, read more at http://docs.sequelizejs.com/manual/tutorial/querying.html#operators at node_modules/sequelize/lib/sequelize.js:242:13
Error: bind EADDRINUSE null:8000
    at Object._errnoException (util.js:1022:11)
    at _exceptionWithHostPort (util.js:1044:20)
    at listenOnMasterHandle (net.js:1427:16)
    at rr (internal/cluster/child.js:121:12)
    at Worker.send (internal/cluster/child.js:88:7)
    at process.onInternalMessage (internal/cluster/utils.js:42:8)
    at emitTwo (events.js:131:20)
    at process.emit (events.js:214:7)
    at emit (internal/child_process.js:772:12)
    at _combinedTickCallback (internal/process/next_tick.js:141:11)
    at process._tickCallback (internal/process/next_tick.js:180:9)
2019-03-07 21:02:40: Thu, 07 Mar 2019 13:02:40 GMT sequelize deprecated String based operators are now deprecated. Please use Symbol based operators for better security, read more at http://docs.sequelizejs.com/manual/tutorial/querying.html#operators at node_modules/sequelize/lib/sequelize.js:242:13
Error: bind EADDRINUSE null:8000
    at Object._errnoException (util.js:1022:11)
    at _exceptionWithHostPort (util.js:1044:20)
    at listenOnMasterHandle (net.js:1427:16)
    at rr (internal/cluster/child.js:121:12)
    at Worker.send (internal/cluster/child.js:88:7)
    at process.onInternalMessage (internal/cluster/utils.js:42:8)
    at emitTwo (events.js:131:20)
    at process.emit (events.js:214:7)
    at emit (internal/child_process.js:772:12)
    at _combinedTickCallback (internal/process/next_tick.js:141:11)
    at process._tickCallback (internal/process/next_tick.js:180:9)
2019-03-07 21:02:41: Thu, 07 Mar 2019 13:02:41 GMT sequelize deprecated String based operators are now deprecated. Please use Symbol based operators for better security, read more at http://docs.sequelizejs.com/manual/tutorial/querying.html#operators at node_modules/sequelize/lib/sequelize.js:242:13
2019-03-07 21:02:41: Thu, 07 Mar 2019 13:02:41 GMT sequelize deprecated String based operators are now deprecated. Please use Symbol based operators for better security, read more at http://docs.sequelizejs.com/manual/tutorial/querying.html#operators at node_modules/sequelize/lib/sequelize.js:242:13
Error: bind EADDRINUSE null:8000
    at Object._errnoException (util.js:1022:11)
    at _exceptionWithHostPort (util.js:1044:20)
    at listenOnMasterHandle (net.js:1427:16)
    at rr (internal/cluster/child.js:121:12)
    at Worker.send (internal/cluster/child.js:88:7)
    at process.onInternalMessage (internal/cluster/utils.js:42:8)
    at emitTwo (events.js:131:20)
    at process.emit (events.js:214:7)
    at emit (internal/child_process.js:772:12)
    at _combinedTickCallback (internal/process/next_tick.js:141:11)
    at process._tickCallback (internal/process/next_tick.js:180:9)
Error: bind EADDRINUSE null:8000
    at Object._errnoException (util.js:1022:11)
    at _exceptionWithHostPort (util.js:1044:20)
    at listenOnMasterHandle (net.js:1427:16)
    at rr (internal/cluster/child.js:121:12)
    at Worker.send (internal/cluster/child.js:88:7)
    at process.onInternalMessage (internal/cluster/utils.js:42:8)
    at emitTwo (events.js:131:20)
    at process.emit (events.js:214:7)
    at emit (internal/child_process.js:772:12)
    at _combinedTickCallback (internal/process/next_tick.js:141:11)
    at process._tickCallback (internal/process/next_tick.js:180:9)
2019-03-07 21:02:42: Thu, 07 Mar 2019 13:02:42 GMT sequelize deprecated String based operators are now deprecated. Please use Symbol based operators for better security, read more at http://docs.sequelizejs.com/manual/tutorial/querying.html#operators at node_modules/sequelize/lib/sequelize.js:242:13
2019-03-07 21:02:42: Thu, 07 Mar 2019 13:02:42 GMT sequelize deprecated String based operators are now deprecated. Please use Symbol based operators for better security, read more at http://docs.sequelizejs.com/manual/tutorial/querying.html#operators at node_modules/sequelize/lib/sequelize.js:242:13
Error: bind EADDRINUSE null:8000
    at Object._errnoException (util.js:1022:11)
    at _exceptionWithHostPort (util.js:1044:20)
    at listenOnMasterHandle (net.js:1427:16)
    at rr (internal/cluster/child.js:121:12)
    at Worker.send (internal/cluster/child.js:88:7)
    at process.onInternalMessage (internal/cluster/utils.js:42:8)
    at emitTwo (events.js:131:20)
    at process.emit (events.js:214:7)
    at emit (internal/child_process.js:772:12)
    at _combinedTickCallback (internal/process/next_tick.js:141:11)
    at process._tickCallback (internal/process/next_tick.js:180:9)
Error: bind EADDRINUSE null:8000
    at Object._errnoException (util.js:1022:11)
    at _exceptionWithHostPort (util.js:1044:20)
    at listenOnMasterHandle (net.js:1427:16)
    at rr (internal/cluster/child.js:121:12)
    at Worker.send (internal/cluster/child.js:88:7)
    at process.onInternalMessage (internal/cluster/utils.js:42:8)
    at emitTwo (events.js:131:20)
    at process.emit (events.js:214:7)
    at emit (internal/child_process.js:772:12)
    at _combinedTickCallback (internal/process/next_tick.js:141:11)
    at process._tickCallback (internal/process/next_tick.js:180:9)
2019-03-07 21:02:42: Thu, 07 Mar 2019 13:02:42 GMT sequelize deprecated String based operators are now deprecated. Please use Symbol based operators for better security, read more at http://docs.sequelizejs.com/manual/tutorial/querying.html#operators at node_modules/sequelize/lib/sequelize.js:242:13
Error: bind EADDRINUSE null:8000
    at Object._errnoException (util.js:1022:11)
    at _exceptionWithHostPort (util.js:1044:20)
    at listenOnMasterHandle (net.js:1427:16)
    at rr (internal/cluster/child.js:121:12)
    at Worker.send (internal/cluster/child.js:88:7)
    at process.onInternalMessage (internal/cluster/utils.js:42:8)
    at emitTwo (events.js:131:20)
    at process.emit (events.js:214:7)
    at emit (internal/child_process.js:772:12)
    at _combinedTickCallback (internal/process/next_tick.js:141:11)
    at process._tickCallback (internal/process/next_tick.js:180:9)
2019-03-07 21:02:43: Thu, 07 Mar 2019 13:02:43 GMT sequelize deprecated String based operators are now deprecated. Please use Symbol based operators for better security, read more at http://docs.sequelizejs.com/manual/tutorial/querying.html#operators at node_modules/sequelize/lib/sequelize.js:242:13
2019-03-07 21:02:43: Thu, 07 Mar 2019 13:02:43 GMT sequelize deprecated String based operators are now deprecated. Please use Symbol based operators for better security, read more at http://docs.sequelizejs.com/manual/tutorial/querying.html#operators at node_modules/sequelize/lib/sequelize.js:242:13
Error: bind EADDRINUSE null:8000
    at Object._errnoException (util.js:1022:11)
    at _exceptionWithHostPort (util.js:1044:20)
    at listenOnMasterHandle (net.js:1427:16)
    at rr (internal/cluster/child.js:121:12)
    at Worker.send (internal/cluster/child.js:88:7)
    at process.onInternalMessage (internal/cluster/utils.js:42:8)
    at emitTwo (events.js:131:20)
    at process.emit (events.js:214:7)
    at emit (internal/child_process.js:772:12)
    at _combinedTickCallback (internal/process/next_tick.js:141:11)
    at process._tickCallback (internal/process/next_tick.js:180:9)
Error: bind EADDRINUSE null:8000
    at Object._errnoException (util.js:1022:11)
    at _exceptionWithHostPort (util.js:1044:20)
    at listenOnMasterHandle (net.js:1427:16)
    at rr (internal/cluster/child.js:121:12)
    at Worker.send (internal/cluster/child.js:88:7)
    at process.onInternalMessage (internal/cluster/utils.js:42:8)
    at emitTwo (events.js:131:20)
    at process.emit (events.js:214:7)
    at emit (internal/child_process.js:772:12)
    at _combinedTickCallback (internal/process/next_tick.js:141:11)
    at process._tickCallback (internal/process/next_tick.js:180:9)
2019-03-07 21:02:44: Thu, 07 Mar 2019 13:02:44 GMT sequelize deprecated String based operators are now deprecated. Please use Symbol based operators for better security, read more at http://docs.sequelizejs.com/manual/tutorial/querying.html#operators at node_modules/sequelize/lib/sequelize.js:242:13
Error: bind EADDRINUSE null:8000
    at Object._errnoException (util.js:1022:11)
    at _exceptionWithHostPort (util.js:1044:20)
    at listenOnMasterHandle (net.js:1427:16)
    at rr (internal/cluster/child.js:121:12)
    at Worker.send (internal/cluster/child.js:88:7)
    at process.onInternalMessage (internal/cluster/utils.js:42:8)
    at emitTwo (events.js:131:20)
    at process.emit (events.js:214:7)
    at emit (internal/child_process.js:772:12)
    at _combinedTickCallback (internal/process/next_tick.js:141:11)
    at process._tickCallback (internal/process/next_tick.js:180:9)
2019-03-07 21:02:45: Thu, 07 Mar 2019 13:02:45 GMT sequelize deprecated String based operators are now deprecated. Please use Symbol based operators for better security, read more at http://docs.sequelizejs.com/manual/tutorial/querying.html#operators at node_modules/sequelize/lib/sequelize.js:242:13
Error: bind EADDRINUSE null:8000
    at Object._errnoException (util.js:1022:11)
    at _exceptionWithHostPort (util.js:1044:20)
    at listenOnMasterHandle (net.js:1427:16)
    at rr (internal/cluster/child.js:121:12)
    at Worker.send (internal/cluster/child.js:88:7)
    at process.onInternalMessage (internal/cluster/utils.js:42:8)
    at emitTwo (events.js:131:20)
    at process.emit (events.js:214:7)
    at emit (internal/child_process.js:772:12)
    at _combinedTickCallback (internal/process/next_tick.js:141:11)
    at process._tickCallback (internal/process/next_tick.js:180:9)
2019-03-07 21:02:45: Thu, 07 Mar 2019 13:02:45 GMT sequelize deprecated String based operators are now deprecated. Please use Symbol based operators for better security, read more at http://docs.sequelizejs.com/manual/tutorial/querying.html#operators at node_modules/sequelize/lib/sequelize.js:242:13
2019-03-07 21:02:45: Thu, 07 Mar 2019 13:02:45 GMT sequelize deprecated String based operators are now deprecated. Please use Symbol based operators for better security, read more at http://docs.sequelizejs.com/manual/tutorial/querying.html#operators at node_modules/sequelize/lib/sequelize.js:242:13
Error: bind EADDRINUSE null:8000
    at Object._errnoException (util.js:1022:11)
    at _exceptionWithHostPort (util.js:1044:20)
    at listenOnMasterHandle (net.js:1427:16)
    at rr (internal/cluster/child.js:121:12)
    at Worker.send (internal/cluster/child.js:88:7)
    at process.onInternalMessage (internal/cluster/utils.js:42:8)
    at emitTwo (events.js:131:20)
    at process.emit (events.js:214:7)
    at emit (internal/child_process.js:772:12)
    at _combinedTickCallback (internal/process/next_tick.js:141:11)
    at process._tickCallback (internal/process/next_tick.js:180:9)
2019-03-07 21:02:45: Thu, 07 Mar 2019 13:02:45 GMT sequelize deprecated String based operators are now deprecated. Please use Symbol based operators for better security, read more at http://docs.sequelizejs.com/manual/tutorial/querying.html#operators at node_modules/sequelize/lib/sequelize.js:242:13
Error: bind EADDRINUSE null:8000
    at Object._errnoException (util.js:1022:11)
    at _exceptionWithHostPort (util.js:1044:20)
    at listenOnMasterHandle (net.js:1427:16)
    at rr (internal/cluster/child.js:121:12)
    at Worker.send (internal/cluster/child.js:88:7)
    at process.onInternalMessage (internal/cluster/utils.js:42:8)
    at emitTwo (events.js:131:20)
    at process.emit (events.js:214:7)
    at emit (internal/child_process.js:772:12)
    at _combinedTickCallback (internal/process/next_tick.js:141:11)
    at process._tickCallback (internal/process/next_tick.js:180:9)
